<?xml version="1.0" encoding="UTF-8"?>
<testng-results skipped="0" failed="0" ignored="0" total="1" passed="1">
  <reporter-output>
  </reporter-output>
  <suite name="Default suite" duration-ms="13335" started-at="2021-05-11T15:20:28 EDT" finished-at="2021-05-11T15:20:41 EDT">
    <groups>
    </groups>
    <test name="Default test" duration-ms="13335" started-at="2021-05-11T15:20:28 EDT" finished-at="2021-05-11T15:20:41 EDT">
      <class name="variousConcepts.LeartTestNG">
        <test-method status="PASS" signature="init()[pri:0, instance:variousConcepts.LeartTestNG@1b68ddbd]" name="init" is-config="true" duration-ms="7478" started-at="2021-05-11T15:20:28 EDT" finished-at="2021-05-11T15:20:35 EDT">
          <reporter-output>
          </reporter-output>
        </test-method> <!-- init -->
        <test-method status="PASS" signature="addCustomerTest()[pri:0, instance:variousConcepts.LeartTestNG@1b68ddbd]" name="addCustomerTest" duration-ms="5792" started-at="2021-05-11T15:20:35 EDT" finished-at="2021-05-11T15:20:41 EDT">
          <reporter-output>
          </reporter-output>
        </test-method> <!-- addCustomerTest -->
      </class> <!-- variousConcepts.LeartTestNG -->
    </test> <!-- Default test -->
  </suite> <!-- Default suite -->
</testng-results>
